[01:52:44] [main/INFO]: Loading Minecraft 1.18.1 with Fabric Loader 0.12.12
[01:52:44] [main/INFO]: Loading 49 mods:
	- fabric 0.46.1+1.18
	- fabric-api-base 0.4.1+b4f4f6cd65 via fabric
	- fabric-api-lookup-api-v1 1.5.0+17be577f65 via fabric
	- fabric-biome-api-v1 6.0.1+ded849a965 via fabric
	- fabric-blockrenderlayer-v1 1.1.9+3ac43d9565 via fabric
	- fabric-command-api-v1 1.1.6+3ac43d9565 via fabric
	- fabric-commands-v0 0.2.5+b4f4f6cd65 via fabric
	- fabric-containers-v0 0.1.18+d154e2c665 via fabric
	- fabric-content-registries-v0 0.4.5+6f53a73d65 via fabric
	- fabric-crash-report-info-v1 0.1.8+3ac43d9565 via fabric
	- fabric-dimensions-v1 2.1.9+a1d9bbf565 via fabric
	- fabric-entity-events-v1 1.4.5+6b21378a65 via fabric
	- fabric-events-interaction-v0 0.4.16+bfa23f1765 via fabric
	- fabric-events-lifecycle-v0 0.2.6+b4f4f6cd65 via fabric
	- fabric-game-rule-api-v1 1.0.10+3ac43d9565 via fabric
	- fabric-item-api-v1 1.3.0+691a79b565 via fabric
	- fabric-item-groups-v0 0.3.3+3ac43d9565 via fabric
	- fabric-key-binding-api-v1 1.0.8+c8aba2f365 via fabric
	- fabric-keybindings-v0 0.2.6+b4f4f6cd65 via fabric
	- fabric-lifecycle-events-v1 1.4.10+c15ca33565 via fabric
	- fabric-loot-tables-v1 1.0.8+3ac43d9565 via fabric
	- fabric-mining-level-api-v1 1.0.3+3ac43d9565 via fabric
	- fabric-mining-levels-v0 0.1.8+b4f4f6cd65 via fabric
	- fabric-models-v0 0.3.3+3ac43d9565 via fabric
	- fabric-networking-api-v1 1.0.18+3ac43d9565 via fabric
	- fabric-networking-v0 0.3.5+b4f4f6cd65 via fabric
	- fabric-object-builder-api-v1 1.11.1+3b82842e65 via fabric
	- fabric-object-builders-v0 0.7.9+3ac43d9565 via fabric
	- fabric-particles-v1 0.2.9+526dc1ac65 via fabric
	- fabric-registry-sync-v0 0.9.0+befed49e65 via fabric
	- fabric-renderer-api-v1 0.4.10+b0b66fc365 via fabric
	- fabric-renderer-indigo 0.4.13+b0b66fc365 via fabric
	- fabric-renderer-registries-v1 3.2.7+b4f4f6cd65 via fabric
	- fabric-rendering-data-attachment-v1 0.3.4+7242e9d765 via fabric
	- fabric-rendering-fluids-v1 0.1.18+3ac43d9565 via fabric
	- fabric-rendering-v0 1.1.9+b4f4f6cd65 via fabric
	- fabric-rendering-v1 1.10.3+6b21378a65 via fabric
	- fabric-resource-conditions-api-v1 1.0.1+13eda06565 via fabric
	- fabric-resource-loader-v0 0.4.11+3ac43d9565 via fabric
	- fabric-screen-api-v1 1.0.7+3ac43d9565 via fabric
	- fabric-screen-handler-api-v1 1.1.11+3ac43d9565 via fabric
	- fabric-structure-api-v1 2.1.0+0a73a6c265 via fabric
	- fabric-tag-extensions-v0 1.2.5+3ac43d9565 via fabric
	- fabric-textures-v0 1.0.9+3ac43d9565 via fabric
	- fabric-tool-attribute-api-v1 1.3.5+fb3b57b465 via fabric
	- fabric-transfer-api-v1 1.5.6+b4f4f6cd65 via fabric
	- fabricloader 0.12.12
	- java 17
	- minecraft 1.18.1
[01:52:44] [main/INFO]: SpongePowered MIXIN Subsystem Version=0.8.4 Source=file:/C:/Users/theuw/AppData/Roaming/.minecraft/libraries/net/fabricmc/sponge-mixin/0.10.7+mixin.0.8.4/sponge-mixin-0.10.7+mixin.0.8.4.jar Service=Knot/Fabric Env=CLIENT
[01:52:45] [main/INFO]: Compatibility level set to JAVA_16
[01:52:48] [main/WARN]: @Inject(@At("INVOKE")) Shift.BY=3 on fabric-lifecycle-events-v1.mixins.json:client.WorldChunkMixin::handler$zdg000$onLoadBlockEntity exceeds the maximum allowed value: 0. Increase the value of maxShiftBy to suppress this warning.
[01:52:50] [Render thread/INFO]: Environment: authHost='https://authserver.mojang.com', accountsHost='https://api.mojang.com', sessionHost='https://sessionserver.mojang.com', servicesHost='https://api.minecraftservices.com', name='PROD'
[01:52:50] [Render thread/INFO]: Setting user: uwukaiju
[01:52:51] [Render thread/INFO]: [Indigo] Registering Indigo renderer!
[01:52:51] [Render thread/INFO]: Backend library: LWJGL version 3.2.2 build 10
[01:52:52] [Render thread/WARN]: Couldn't get pack info for: net.minecraft.class_3266: 'pack.mcmeta' in ResourcePack 'C:\Users\theuw\AppData\Roaming\.minecraft\resourcepacks\Hera PhotoRealism 1.14.zip'
[01:52:53] [Render thread/INFO]: Narrator library for x64 successfully loaded
[01:52:53] [Render thread/INFO]: Reloading ResourceManager: Default, Fabric Mods (Fabric API, Fabric API Base, Fabric API Lookup API (v1), Fabric Biome API (v1), Fabric BlockRenderLayer Registration (v1), Fabric Command API (v1), Fabric Commands (v0), Fabric Containers (v0), Fabric Content Registries (v0), Fabric Crash Report Info (v1), Fabric Dimensions API (v1), Fabric Entity Events (v1), Fabric Events Interaction (v0), Fabric Events Lifecycle (v0), Fabric Game Rule API (v1), Fabric Item API (v1), Fabric Item Groups (v0), Fabric Key Binding API (v1), Fabric Key Bindings (v0), Fabric Lifecycle Events (v1), Fabric Loot Tables (v1), Fabric Mining Level API (v1), Fabric Mining Levels (v0), Fabric Models (v0), Fabric Networking API (v1), Fabric Networking (v0), Fabric Object Builder API (v1), Fabric Object Builders (v0), Fabric Particles (v1), Fabric Registry Sync (v0), Fabric Renderer API (v1), Fabric Renderer - Indigo, Fabric Renderer Registries (v1), Fabric Rendering Data Attachment (v1), Fabric Rendering Fluids (v1), Fabric Rendering (v0), Fabric Rendering (v1), Fabric Resource Conditions API (v1), Fabric Resource Loader (v0), Fabric Screen API (v1), Fabric Screen Handler API (v1), Fabric Structure API (v1), Fabric Tag Extensions (v0), Fabric Textures (v0), Fabric Tool Attribute API (v1), Fabric Transfer API (v1), Fabric Loader)
[01:52:57] [Render thread/INFO]: OpenAL initialized on device OpenAL Soft on Speakers (2- HyperX QuadCast S)
[01:52:57] [Render thread/INFO]: Sound engine started
[01:52:58] [Render thread/INFO]: Created: 1024x1024x3 minecraft:textures/atlas/blocks.png-atlas
[01:52:58] [Render thread/INFO]: Created: 256x128x3 minecraft:textures/atlas/signs.png-atlas
[01:52:58] [Render thread/INFO]: Created: 1024x512x3 minecraft:textures/atlas/banner_patterns.png-atlas
[01:52:58] [Render thread/INFO]: Created: 1024x512x3 minecraft:textures/atlas/shield_patterns.png-atlas
[01:52:58] [Render thread/INFO]: Created: 256x256x3 minecraft:textures/atlas/chest.png-atlas
[01:52:58] [Render thread/INFO]: Created: 512x256x3 minecraft:textures/atlas/beds.png-atlas
[01:52:58] [Render thread/INFO]: Created: 512x256x3 minecraft:textures/atlas/shulker_boxes.png-atlas
[01:52:59] [Render thread/INFO]: Created: 256x256x0 minecraft:textures/atlas/particles.png-atlas
[01:52:59] [Render thread/INFO]: Created: 256x256x0 minecraft:textures/atlas/paintings.png-atlas
[01:52:59] [Render thread/INFO]: Created: 256x128x0 minecraft:textures/atlas/mob_effects.png-atlas
[01:53:05] [Render thread/WARN]: Ambiguity between arguments [teleport, location] and [teleport, destination] with inputs: [0.1 -0.5 .9, 0 0 0]
[01:53:05] [Render thread/WARN]: Ambiguity between arguments [teleport, location] and [teleport, targets] with inputs: [0.1 -0.5 .9, 0 0 0]
[01:53:05] [Render thread/WARN]: Ambiguity between arguments [teleport, destination] and [teleport, targets] with inputs: [Player, 0123, @e, dd12be42-52a9-4a91-a8a1-11c01849e498]
[01:53:05] [Render thread/WARN]: Ambiguity between arguments [teleport, targets] and [teleport, destination] with inputs: [Player, 0123, dd12be42-52a9-4a91-a8a1-11c01849e498]
[01:53:05] [Render thread/WARN]: Ambiguity between arguments [teleport, targets, location] and [teleport, targets, destination] with inputs: [0.1 -0.5 .9, 0 0 0]
[01:53:05] [Render thread/INFO]: Reloading ResourceManager: Default, Fabric Mods (Fabric Tool Attribute API (v1))
[01:53:05] [Render thread/INFO]: Loaded 7 recipes
[01:53:05] [Render thread/INFO]: Loaded 1141 advancements
[01:53:05] [Render thread/INFO]: Applied 0 biome modifications to 0 of 61 new biomes in 3.052 ms
[01:53:06] [Render thread/INFO]: Environment: authHost='https://authserver.mojang.com', accountsHost='https://api.mojang.com', sessionHost='https://sessionserver.mojang.com', servicesHost='https://api.minecraftservices.com', name='PROD'
[01:53:06] [Server thread/INFO]: Starting integrated minecraft server version 1.18.1
[01:53:06] [Server thread/INFO]: Generating keypair
[01:53:06] [Server thread/INFO]: Preparing start region for dimension minecraft:overworld
[01:53:07] [Render thread/INFO]: Preparing spawn area: 0%
[01:53:09] [Render thread/INFO]: Preparing spawn area: 0%
[01:53:09] [Render thread/INFO]: Preparing spawn area: 0%
[01:53:09] [Render thread/INFO]: Preparing spawn area: 0%
[01:53:09] [Render thread/INFO]: Preparing spawn area: 0%
[01:53:09] [Render thread/INFO]: Preparing spawn area: 4%
[01:53:09] [Render thread/INFO]: Preparing spawn area: 22%
[01:53:10] [Render thread/INFO]: Preparing spawn area: 51%
[01:53:10] [Render thread/INFO]: Preparing spawn area: 79%
[01:53:11] [Render thread/INFO]: Preparing spawn area: 85%
[01:53:11] [Render thread/INFO]: Preparing spawn area: 94%
[01:53:12] [Render thread/INFO]: Time elapsed: 5369 ms
[01:53:12] [Server thread/INFO]: Changing view distance to 15, from 10
[01:53:12] [Server thread/INFO]: Changing simulation distance to 22, from 0
[01:53:12] [Server thread/INFO]: uwukaiju[local:E:db1b6e37] logged in with entity id 205 at (-80.04742927060612, 94.0, 154.2283555838147)
[01:53:12] [Server thread/INFO]: uwukaiju joined the game
[01:53:13] [Render thread/INFO]: Loaded 0 advancements
[01:53:22] [Server thread/INFO]: Saving and pausing game...
[01:53:22] [Server thread/INFO]: Saving chunks for level 'ServerLevel[New World]'/minecraft:overworld
[01:53:22] [Server thread/INFO]: Saving chunks for level 'ServerLevel[New World]'/minecraft:the_nether
[01:53:22] [Server thread/INFO]: Saving chunks for level 'ServerLevel[New World]'/minecraft:the_end
[01:53:41] [Server thread/INFO]: Saving and pausing game...
[01:53:41] [Server thread/INFO]: Saving chunks for level 'ServerLevel[New World]'/minecraft:overworld
[01:53:41] [Server thread/INFO]: Saving chunks for level 'ServerLevel[New World]'/minecraft:the_nether
[01:53:41] [Server thread/INFO]: Saving chunks for level 'ServerLevel[New World]'/minecraft:the_end
[01:53:42] [Server thread/INFO]: uwukaiju lost connection: Disconnected
[01:53:42] [Server thread/INFO]: uwukaiju left the game
[01:53:42] [Server thread/INFO]: Stopping singleplayer server as player logged out
[01:53:42] [Server thread/INFO]: Stopping server
[01:53:42] [Server thread/INFO]: Saving players
[01:53:42] [Server thread/INFO]: Saving worlds
[01:53:42] [Server thread/INFO]: Saving chunks for level 'ServerLevel[New World]'/minecraft:overworld
[01:53:42] [Server thread/INFO]: Saving chunks for level 'ServerLevel[New World]'/minecraft:the_nether
[01:53:42] [Server thread/INFO]: Saving chunks for level 'ServerLevel[New World]'/minecraft:the_end
[01:53:42] [Server thread/INFO]: ThreadedAnvilChunkStorage (New World (33)): All chunks are saved
[01:53:42] [Server thread/INFO]: ThreadedAnvilChunkStorage (DIM-1): All chunks are saved
[01:53:42] [Server thread/INFO]: ThreadedAnvilChunkStorage (DIM1): All chunks are saved
[01:53:42] [Server thread/INFO]: ThreadedAnvilChunkStorage: All dimensions are saved
[01:53:46] [Render thread/INFO]: Stopping!
